[debug] [2023-10-19T11:03:44.376Z] ----------------------------------------------------------------------
[debug] [2023-10-19T11:03:44.379Z] Command:       C:\Program Files\nodejs\node.exe C:\Users\Gansu\AppData\Roaming\npm\node_modules\firebase-tools\lib\bin\firebase.js deploy
[debug] [2023-10-19T11:03:44.380Z] CLI Version:   11.16.0
[debug] [2023-10-19T11:03:44.380Z] Platform:      win32
[debug] [2023-10-19T11:03:44.380Z] Node Version:  v19.0.0
[debug] [2023-10-19T11:03:44.380Z] Time:          Thu Oct 19 2023 13:03:44 GMT+0200 (hora de verano de Europa central)
[debug] [2023-10-19T11:03:44.380Z] ----------------------------------------------------------------------
[debug] 
[debug] [2023-10-19T11:03:44.462Z] > command requires scopes: ["email","openid","https://www.googleapis.com/auth/cloudplatformprojects.readonly","https://www.googleapis.com/auth/firebase","https://www.googleapis.com/auth/cloud-platform"]
[debug] [2023-10-19T11:03:44.463Z] > authorizing via signed-in user (sztamfateralan@gmail.com)
[debug] [2023-10-19T11:03:44.463Z] [iam] checking project proyecto-react-sprint-9 for permissions ["firebase.projects.get","firebasehosting.sites.update"]
[debug] [2023-10-19T11:03:44.465Z] > refreshing access token with scopes: []
[debug] [2023-10-19T11:03:44.467Z] >>> [apiv2][query] POST https://www.googleapis.com/oauth2/v3/token [none]
[debug] [2023-10-19T11:03:44.467Z] >>> [apiv2][body] POST https://www.googleapis.com/oauth2/v3/token [omitted]
[debug] [2023-10-19T11:03:44.666Z] <<< [apiv2][status] POST https://www.googleapis.com/oauth2/v3/token 400
[debug] [2023-10-19T11:03:44.666Z] <<< [apiv2][body] POST https://www.googleapis.com/oauth2/v3/token [omitted]
[debug] [2023-10-19T11:03:44.667Z] >>> [apiv2][query] POST https://cloudresourcemanager.googleapis.com/v1/projects/proyecto-react-sprint-9:testIamPermissions [none]
[debug] [2023-10-19T11:03:44.667Z] >>> [apiv2][(partial)header] POST https://cloudresourcemanager.googleapis.com/v1/projects/proyecto-react-sprint-9:testIamPermissions x-goog-quota-user=projects/proyecto-react-sprint-9
[debug] [2023-10-19T11:03:44.667Z] >>> [apiv2][body] POST https://cloudresourcemanager.googleapis.com/v1/projects/proyecto-react-sprint-9:testIamPermissions {"permissions":["firebase.projects.get","firebasehosting.sites.update"]}
[debug] [2023-10-19T11:03:45.418Z] <<< [apiv2][status] POST https://cloudresourcemanager.googleapis.com/v1/projects/proyecto-react-sprint-9:testIamPermissions 401
[debug] [2023-10-19T11:03:45.418Z] <<< [apiv2][body] POST https://cloudresourcemanager.googleapis.com/v1/projects/proyecto-react-sprint-9:testIamPermissions {"error":{"code":401,"message":"Request had invalid authentication credentials. Expected OAuth 2 access token, login cookie or other valid authentication credential. See https://developers.google.com/identity/sign-in/web/devconsole-project.","status":"UNAUTHENTICATED","details":[{"@type":"type.googleapis.com/google.rpc.ErrorInfo","reason":"ACCESS_TOKEN_TYPE_UNSUPPORTED","metadata":{"service":"cloudresourcemanager.googleapis.com","method":"google.cloudresourcemanager.v1.Projects.TestIamPermissions"}}]}}
[debug] [2023-10-19T11:03:45.420Z] [iam] error while checking permissions, command may fail: FirebaseError: HTTP Error: 401, Request had invalid authentication credentials. Expected OAuth 2 access token, login cookie or other valid authentication credential. See https://developers.google.com/identity/sign-in/web/devconsole-project.
[debug] [2023-10-19T11:03:45.420Z] > refreshing access token with scopes: []
[debug] [2023-10-19T11:03:45.421Z] >>> [apiv2][query] POST https://www.googleapis.com/oauth2/v3/token [none]
[debug] [2023-10-19T11:03:45.421Z] >>> [apiv2][body] POST https://www.googleapis.com/oauth2/v3/token [omitted]
[debug] [2023-10-19T11:03:45.471Z] <<< [apiv2][status] POST https://www.googleapis.com/oauth2/v3/token 400
[debug] [2023-10-19T11:03:45.471Z] <<< [apiv2][body] POST https://www.googleapis.com/oauth2/v3/token [omitted]
[debug] [2023-10-19T11:03:45.472Z] >>> [apiv2][query] GET https://firebase.googleapis.com/v1beta1/projects/proyecto-react-sprint-9 [none]
[debug] [2023-10-19T11:03:45.600Z] <<< [apiv2][status] GET https://firebase.googleapis.com/v1beta1/projects/proyecto-react-sprint-9 401
[debug] [2023-10-19T11:03:45.600Z] <<< [apiv2][body] GET https://firebase.googleapis.com/v1beta1/projects/proyecto-react-sprint-9 {"error":{"code":401,"message":"Request had invalid authentication credentials. Expected OAuth 2 access token, login cookie or other valid authentication credential. See https://developers.google.com/identity/sign-in/web/devconsole-project.","status":"UNAUTHENTICATED"}}
[debug] [2023-10-19T11:03:45.601Z] HTTP Error: 401, Request had invalid authentication credentials. Expected OAuth 2 access token, login cookie or other valid authentication credential. See https://developers.google.com/identity/sign-in/web/devconsole-project.
[debug] [2023-10-19T11:03:45.721Z] FirebaseError: HTTP Error: 401, Request had invalid authentication credentials. Expected OAuth 2 access token, login cookie or other valid authentication credential. See https://developers.google.com/identity/sign-in/web/devconsole-project.
    at responseToError (C:\Users\Gansu\AppData\Roaming\npm\node_modules\firebase-tools\lib\responseToError.js:49:12)
    at RetryOperation._fn (C:\Users\Gansu\AppData\Roaming\npm\node_modules\firebase-tools\lib\apiv2.js:288:77)
    at process.processTicksAndRejections (node:internal/process/task_queues:95:5)
[error] 
[error] Error: Failed to get Firebase project proyecto-react-sprint-9. Please make sure the project exists and your account has permission to access it.
[debug] [2023-10-19T11:06:46.063Z] ----------------------------------------------------------------------
[debug] [2023-10-19T11:06:46.068Z] Command:       C:\Program Files\nodejs\node.exe C:\Users\Gansu\AppData\Roaming\npm\node_modules\firebase-tools\lib\bin\firebase.js deploy
[debug] [2023-10-19T11:06:46.069Z] CLI Version:   11.16.0
[debug] [2023-10-19T11:06:46.069Z] Platform:      win32
[debug] [2023-10-19T11:06:46.069Z] Node Version:  v19.0.0
[debug] [2023-10-19T11:06:46.069Z] Time:          Thu Oct 19 2023 13:06:46 GMT+0200 (hora de verano de Europa central)
[debug] [2023-10-19T11:06:46.070Z] ----------------------------------------------------------------------
[debug] 
[debug] [2023-10-19T11:06:46.156Z] > command requires scopes: ["email","openid","https://www.googleapis.com/auth/cloudplatformprojects.readonly","https://www.googleapis.com/auth/firebase","https://www.googleapis.com/auth/cloud-platform"]
[debug] [2023-10-19T11:06:46.157Z] > authorizing via signed-in user (sztamfateralan@gmail.com)
[debug] [2023-10-19T11:06:46.157Z] [iam] checking project proyecto-react-sprint-9 for permissions ["firebase.projects.get","firebasehosting.sites.update"]
[debug] [2023-10-19T11:06:46.160Z] > refreshing access token with scopes: []
[debug] [2023-10-19T11:06:46.163Z] >>> [apiv2][query] POST https://www.googleapis.com/oauth2/v3/token [none]
[debug] [2023-10-19T11:06:46.163Z] >>> [apiv2][body] POST https://www.googleapis.com/oauth2/v3/token [omitted]
[debug] [2023-10-19T11:06:46.357Z] <<< [apiv2][status] POST https://www.googleapis.com/oauth2/v3/token 400
[debug] [2023-10-19T11:06:46.358Z] <<< [apiv2][body] POST https://www.googleapis.com/oauth2/v3/token [omitted]
[debug] [2023-10-19T11:06:46.359Z] >>> [apiv2][query] POST https://cloudresourcemanager.googleapis.com/v1/projects/proyecto-react-sprint-9:testIamPermissions [none]
[debug] [2023-10-19T11:06:46.359Z] >>> [apiv2][(partial)header] POST https://cloudresourcemanager.googleapis.com/v1/projects/proyecto-react-sprint-9:testIamPermissions x-goog-quota-user=projects/proyecto-react-sprint-9
[debug] [2023-10-19T11:06:46.359Z] >>> [apiv2][body] POST https://cloudresourcemanager.googleapis.com/v1/projects/proyecto-react-sprint-9:testIamPermissions {"permissions":["firebase.projects.get","firebasehosting.sites.update"]}
[debug] [2023-10-19T11:06:47.092Z] <<< [apiv2][status] POST https://cloudresourcemanager.googleapis.com/v1/projects/proyecto-react-sprint-9:testIamPermissions 401
[debug] [2023-10-19T11:06:47.093Z] <<< [apiv2][body] POST https://cloudresourcemanager.googleapis.com/v1/projects/proyecto-react-sprint-9:testIamPermissions {"error":{"code":401,"message":"Request had invalid authentication credentials. Expected OAuth 2 access token, login cookie or other valid authentication credential. See https://developers.google.com/identity/sign-in/web/devconsole-project.","status":"UNAUTHENTICATED","details":[{"@type":"type.googleapis.com/google.rpc.ErrorInfo","reason":"ACCESS_TOKEN_TYPE_UNSUPPORTED","metadata":{"service":"cloudresourcemanager.googleapis.com","method":"google.cloudresourcemanager.v1.Projects.TestIamPermissions"}}]}}
[debug] [2023-10-19T11:06:47.094Z] [iam] error while checking permissions, command may fail: FirebaseError: HTTP Error: 401, Request had invalid authentication credentials. Expected OAuth 2 access token, login cookie or other valid authentication credential. See https://developers.google.com/identity/sign-in/web/devconsole-project.
[debug] [2023-10-19T11:06:47.095Z] > refreshing access token with scopes: []
[debug] [2023-10-19T11:06:47.095Z] >>> [apiv2][query] POST https://www.googleapis.com/oauth2/v3/token [none]
[debug] [2023-10-19T11:06:47.096Z] >>> [apiv2][body] POST https://www.googleapis.com/oauth2/v3/token [omitted]
[debug] [2023-10-19T11:06:47.155Z] <<< [apiv2][status] POST https://www.googleapis.com/oauth2/v3/token 400
[debug] [2023-10-19T11:06:47.155Z] <<< [apiv2][body] POST https://www.googleapis.com/oauth2/v3/token [omitted]
[debug] [2023-10-19T11:06:47.156Z] >>> [apiv2][query] GET https://firebase.googleapis.com/v1beta1/projects/proyecto-react-sprint-9 [none]
[debug] [2023-10-19T11:06:47.304Z] <<< [apiv2][status] GET https://firebase.googleapis.com/v1beta1/projects/proyecto-react-sprint-9 401
[debug] [2023-10-19T11:06:47.304Z] <<< [apiv2][body] GET https://firebase.googleapis.com/v1beta1/projects/proyecto-react-sprint-9 {"error":{"code":401,"message":"Request had invalid authentication credentials. Expected OAuth 2 access token, login cookie or other valid authentication credential. See https://developers.google.com/identity/sign-in/web/devconsole-project.","status":"UNAUTHENTICATED"}}
[debug] [2023-10-19T11:06:47.304Z] HTTP Error: 401, Request had invalid authentication credentials. Expected OAuth 2 access token, login cookie or other valid authentication credential. See https://developers.google.com/identity/sign-in/web/devconsole-project.
[debug] [2023-10-19T11:06:47.462Z] FirebaseError: HTTP Error: 401, Request had invalid authentication credentials. Expected OAuth 2 access token, login cookie or other valid authentication credential. See https://developers.google.com/identity/sign-in/web/devconsole-project.
    at responseToError (C:\Users\Gansu\AppData\Roaming\npm\node_modules\firebase-tools\lib\responseToError.js:49:12)
    at RetryOperation._fn (C:\Users\Gansu\AppData\Roaming\npm\node_modules\firebase-tools\lib\apiv2.js:288:77)
    at process.processTicksAndRejections (node:internal/process/task_queues:95:5)
[error] 
[error] Error: Failed to get Firebase project proyecto-react-sprint-9. Please make sure the project exists and your account has permission to access it.
